<?xml version="1.0" encoding="UTF-8"?>
<coverage generated="1706286283409" clover="3.2.0">
  <project timestamp="1706286283410" name="All files">
    <metrics statements="47" coveredstatements="46" conditionals="10" coveredconditionals="9" methods="13" coveredmethods="13" elements="70" coveredelements="68" complexity="0" loc="47" ncloc="47" packages="1" files="2" classes="2"/>
    <file name="book.service.ts" path="C:\Users\Guillaume\WebstormProjects\esgi-tp2\src\app\book.service.ts">
      <metrics statements="6" coveredstatements="6" conditionals="0" coveredconditionals="0" methods="2" coveredmethods="2"/>
      <line num="1" count="1" type="stmt"/>
      <line num="3" count="2" type="stmt"/>
      <line num="4" count="2" type="stmt"/>
      <line num="5" count="2" type="stmt"/>
      <line num="6" count="1" type="stmt"/>
      <line num="8" count="1" type="stmt"/>
    </file>
    <file name="bookCollection.ts" path="C:\Users\Guillaume\WebstormProjects\esgi-tp2\src\app\bookCollection.ts">
      <metrics statements="41" coveredstatements="40" conditionals="10" coveredconditionals="9" methods="11" coveredmethods="11"/>
      <line num="1" count="1" type="stmt"/>
      <line num="3" count="1" type="stmt"/>
      <line num="4" count="16" type="stmt"/>
      <line num="7" count="15" type="cond" truecount="1" falsecount="0"/>
      <line num="8" count="1" type="stmt"/>
      <line num="10" count="14" type="stmt"/>
      <line num="11" count="14" type="stmt"/>
      <line num="15" count="2" type="cond" truecount="1" falsecount="0"/>
      <line num="16" count="1" type="stmt"/>
      <line num="18" count="1" type="stmt"/>
      <line num="19" count="1" type="stmt"/>
      <line num="23" count="4" type="stmt"/>
      <line num="24" count="4" type="cond" truecount="1" falsecount="0"/>
      <line num="25" count="1" type="stmt"/>
      <line num="27" count="3" type="stmt"/>
      <line num="31" count="1" type="stmt"/>
      <line num="32" count="1" type="stmt"/>
      <line num="33" count="2" type="cond" truecount="1" falsecount="0"/>
      <line num="34" count="1" type="stmt"/>
      <line num="37" count="1" type="stmt"/>
      <line num="41" count="2" type="stmt"/>
      <line num="42" count="2" type="stmt"/>
      <line num="44" count="1" type="stmt"/>
      <line num="49" count="3" type="stmt"/>
      <line num="50" count="3" type="cond" truecount="3" falsecount="0"/>
      <line num="51" count="1" type="stmt"/>
      <line num="53" count="2" type="stmt"/>
      <line num="54" count="2" type="stmt"/>
      <line num="58" count="1" type="stmt"/>
      <line num="59" count="1" type="cond" truecount="0" falsecount="1"/>
      <line num="60" count="0" type="stmt"/>
      <line num="62" count="1" type="stmt"/>
      <line num="63" count="1" type="stmt"/>
      <line num="67" count="5" type="stmt"/>
      <line num="68" count="5" type="cond" truecount="1" falsecount="0"/>
      <line num="69" count="1" type="stmt"/>
      <line num="75" count="2" type="stmt"/>
      <line num="76" count="2" type="cond" truecount="1" falsecount="0"/>
      <line num="77" count="1" type="stmt"/>
      <line num="80" count="1" type="stmt"/>
      <line num="85" count="1" type="stmt"/>
    </file>
  </project>
</coverage>
