TN:
SF:src\app\book.service.ts
FN:3,(anonymous_8)
FN:3,(anonymous_9)
FNF:2
FNH:2
FNDA:2,(anonymous_8)
FNDA:2,(anonymous_9)
DA:1,1
DA:3,2
DA:4,2
DA:5,2
DA:6,1
DA:8,1
LF:6
LH:6
BRF:0
BRH:0
end_of_record
TN:
SF:src\app\bookCollection.ts
FN:3,(anonymous_13)
FN:6,(anonymous_14)
FN:14,(anonymous_15)
FN:22,(anonymous_16)
FN:30,(anonymous_17)
FN:40,(anonymous_18)
FN:48,(anonymous_20)
FN:57,(anonymous_21)
FN:66,(anonymous_22)
FN:74,(anonymous_23)
FN:83,(anonymous_24)
FNF:11
FNH:11
FNDA:16,(anonymous_13)
FNDA:15,(anonymous_14)
FNDA:2,(anonymous_15)
FNDA:4,(anonymous_16)
FNDA:1,(anonymous_17)
FNDA:2,(anonymous_18)
FNDA:3,(anonymous_20)
FNDA:1,(anonymous_21)
FNDA:5,(anonymous_22)
FNDA:2,(anonymous_23)
FNDA:1,(anonymous_24)
DA:1,1
DA:3,1
DA:4,16
DA:7,15
DA:8,1
DA:10,14
DA:11,14
DA:15,2
DA:16,1
DA:18,1
DA:19,1
DA:23,4
DA:24,4
DA:25,1
DA:27,3
DA:31,1
DA:32,1
DA:33,2
DA:34,1
DA:37,1
DA:41,2
DA:42,2
DA:44,1
DA:49,3
DA:50,3
DA:51,1
DA:53,2
DA:54,2
DA:58,1
DA:59,1
DA:60,0
DA:62,1
DA:63,1
DA:67,5
DA:68,5
DA:69,1
DA:75,2
DA:76,2
DA:77,1
DA:80,1
DA:85,1
LF:41
LH:40
BRDA:7,0,0,1
BRDA:15,1,0,1
BRDA:24,2,0,1
BRDA:33,3,0,1
BRDA:50,4,0,1
BRDA:50,5,0,3
BRDA:50,5,1,3
BRDA:59,6,0,0
BRDA:68,7,0,1
BRDA:76,8,0,1
BRF:10
BRH:9
end_of_record
